<?xml version="1.0" encoding="UTF-8"?>
<testng-results ignored="0" total="2" passed="2" failed="0" skipped="0">
  <reporter-output>
  </reporter-output>
  <suite started-at="2024-05-17T16:35:20 IST" name="Suite" finished-at="2024-05-17T16:35:56 IST" duration-ms="36258">
    <groups>
    </groups>
    <test started-at="2024-05-17T16:35:20 IST" name="RemoveItems_Cart" finished-at="2024-05-17T16:35:52 IST" duration-ms="31699">
      <class name="website.website.AddRemoveItems">
        <test-method is-config="true" signature="setup()[pri:0, instance:website.website.AddRemoveItems@43bc63a3]" started-at="2024-05-17T16:35:20 IST" name="setup" finished-at="2024-05-17T16:35:32 IST" duration-ms="11811" status="PASS">
          <reporter-output>
          </reporter-output>
        </test-method> <!-- setup -->
        <test-method signature="addRemoveItem()[pri:0, instance:website.website.AddRemoveItems@43bc63a3]" started-at="2024-05-17T16:35:32 IST" name="addRemoveItem" finished-at="2024-05-17T16:35:51 IST" duration-ms="18787" status="PASS">
          <reporter-output>
          </reporter-output>
        </test-method> <!-- addRemoveItem -->
        <test-method is-config="true" signature="tearDown()[pri:0, instance:website.website.AddRemoveItems@43bc63a3]" started-at="2024-05-17T16:35:51 IST" name="tearDown" finished-at="2024-05-17T16:35:52 IST" duration-ms="561" status="PASS">
          <reporter-output>
          </reporter-output>
        </test-method> <!-- tearDown -->
      </class> <!-- website.website.AddRemoveItems -->
    </test> <!-- RemoveItems_Cart -->
    <test started-at="2024-05-17T16:35:20 IST" name="EndToEnd_OrderPlacement" finished-at="2024-05-17T16:35:56 IST" duration-ms="36258">
      <class name="website.website.OrderCompleteTest">
        <test-method is-config="true" signature="setup()[pri:0, instance:website.website.OrderCompleteTest@2a65fe7c]" started-at="2024-05-17T16:35:20 IST" name="setup" finished-at="2024-05-17T16:35:32 IST" duration-ms="12037" status="PASS">
          <reporter-output>
          </reporter-output>
        </test-method> <!-- setup -->
        <test-method signature="endToEndTest()[pri:0, instance:website.website.OrderCompleteTest@2a65fe7c]" started-at="2024-05-17T16:35:32 IST" name="endToEndTest" finished-at="2024-05-17T16:35:56 IST" duration-ms="23376" status="PASS">
          <reporter-output>
          </reporter-output>
        </test-method> <!-- endToEndTest -->
        <test-method is-config="true" signature="tearDown()[pri:0, instance:website.website.OrderCompleteTest@2a65fe7c]" started-at="2024-05-17T16:35:56 IST" name="tearDown" finished-at="2024-05-17T16:35:56 IST" duration-ms="357" status="PASS">
          <reporter-output>
          </reporter-output>
        </test-method> <!-- tearDown -->
      </class> <!-- website.website.OrderCompleteTest -->
    </test> <!-- EndToEnd_OrderPlacement -->
  </suite> <!-- Suite -->
</testng-results>
